<?xml version="1.0" encoding="UTF-8"?>
<!-- Generated by org.testng.reporters.JUnitXMLReporter -->
<testsuite hostname="EPBYGOMW0318" name="ChromeTest" tests="9" failures="0" timestamp="9 Dec 2016 17:52:34 GMT" time="175.444" errors="0">
  <testcase name="loginTest" time="11.58" classname="com.epam.gomel.tat.test.Tests"/>
  <testcase name="wrongLoginTest" time="3.152" classname="com.epam.gomel.tat.test.Tests"/>
  <testcase name="loginTestSendFolder" time="19.526" classname="com.epam.gomel.tat.test.Tests"/>
  <testcase name="loginTestInboxFolder" time="10.349" classname="com.epam.gomel.tat.test.Tests"/>
  <testcase name="sendEmailWithoutProperlyFilledAddressTest" time="21.854" classname="com.epam.gomel.tat.test.Tests"/>
  <testcase name="sendEmailWithoutSubjectAndBodyTest" time="13.089" classname="com.epam.gomel.tat.test.Tests"/>
  <testcase name="emptyMessageIndexFolderTest" time="10.74" classname="com.epam.gomel.tat.test.Tests"/>
  <testcase name="createDraftMailTest" time="14.216" classname="com.epam.gomel.tat.test.Tests"/>
  <testcase name="deleteDraftMailTest" time="35.965" classname="com.epam.gomel.tat.test.Tests"/>
</testsuite> <!-- ChromeTest -->
